<?xml version="1.0" encoding="UTF-8"?>
<!-- Generated by org.testng.reporters.JUnitReportReporter -->
<testsuite hostname="DESKTOP-JK9OU92" failures="0" tests="2" name="runners.RerunRunner" time="38.601" errors="0" timestamp="2021-09-30T15:00:01 IST" skipped="0">
  <testcase classname="runners.RerunRunner" name="runScenario" time="13.849"/>
  <system-out/>
  <testcase classname="runners.RerunRunner" name="runScenario" time="24.752"/>
  <system-out/>
</testsuite> <!-- runners.RerunRunner -->
