<?xml version="1.0" encoding="UTF-8"?>
<!-- Generated by org.testng.reporters.JUnitReportReporter -->
<testsuite hostname="DESKTOP-JK9OU92" failures="0" tests="3" name="runners.CRM_TaggedContact_Runner" time="0.621" errors="0" timestamp="2021-10-01T17:15:22 IST" skipped="0">
  <testcase classname="runners.CRM_TaggedContact_Runner" name="runScenario" time="0.450"/>
  <system-out/>
  <testcase classname="runners.CRM_TaggedContact_Runner" name="runScenario" time="0.090"/>
  <system-out/>
  <testcase classname="runners.CRM_TaggedContact_Runner" name="runScenario" time="0.081"/>
  <system-out/>
</testsuite> <!-- runners.CRM_TaggedContact_Runner -->
