<?xml version="1.0" encoding="UTF-8"?>
<!-- Generated by org.testng.reporters.JUnitReportReporter -->
<testsuite hostname="DESKTOP-JK9OU92" failures="0" tests="3" name="runners.CRMRunner" time="0.433" errors="0" timestamp="2021-10-01T15:18:13 IST" skipped="0">
  <testcase classname="runners.CRMRunner" name="runScenario" time="0.054"/>
  <system-out/>
  <testcase classname="runners.CRMRunner" name="runScenario" time="0.323"/>
  <system-out/>
  <testcase classname="runners.CRMRunner" name="runScenario" time="0.056"/>
  <system-out/>
</testsuite> <!-- runners.CRMRunner -->
